[debug] [2018-06-24T03:54:32.721Z] ----------------------------------------------------------------------
[debug] [2018-06-24T03:54:32.724Z] Command:       /Users/brandoncooper/.nvm/versions/node/v8.11.1/bin/node /Users/brandoncooper/.nvm/versions/node/v8.11.1/bin/firebase deploy
[debug] [2018-06-24T03:54:32.724Z] CLI Version:   3.19.0
[debug] [2018-06-24T03:54:32.724Z] Platform:      darwin
[debug] [2018-06-24T03:54:32.724Z] Node Version:  v8.11.1
[debug] [2018-06-24T03:54:32.725Z] Time:          Sat Jun 23 2018 20:54:32 GMT-0700 (PDT)
[debug] [2018-06-24T03:54:32.725Z] ----------------------------------------------------------------------
[debug] 
[debug] [2018-06-24T03:54:32.742Z] > command requires scopes: ["email","openid","https://www.googleapis.com/auth/cloudplatformprojects.readonly","https://www.googleapis.com/auth/firebase","https://www.googleapis.com/auth/cloud-platform"]
[debug] [2018-06-24T03:54:32.742Z] > authorizing via signed-in user
[debug] [2018-06-24T03:54:32.745Z] >>> HTTP REQUEST GET https://admin.firebase.com/v1/projects/action-alfred  
  
 Sat Jun 23 2018 20:54:32 GMT-0700 (PDT)
[debug] [2018-06-24T03:54:33.165Z] <<< HTTP RESPONSE 200
[debug] [2018-06-24T03:54:33.166Z] >>> HTTP REQUEST GET https://admin.firebase.com/v1/database/action-alfred/tokens  
  
 Sat Jun 23 2018 20:54:33 GMT-0700 (PDT)
[debug] [2018-06-24T03:54:33.561Z] <<< HTTP RESPONSE 200
[info] 
[info] === Deploying to 'action-alfred'...
[info] 
[info] i  deploying functions
[info] Running command: npm --prefix "$RESOURCE_DIR" run lint
[info] ✔  functions: Finished running predeploy script.
[debug] [2018-06-24T03:54:38.695Z] > [functions] package.json contents: {
  "name": "alfred",
  "description": "Command helpers for my house",
  "author": "Brandon Cooper",
  "private": true,
  "engines": {
    "node": "8.11.1"
  },
  "scripts": {
    "lint": "eslint .",
    "serve": "firebase serve --only functions",
    "shell": "firebase experimental:functions:shell",
    "start": "npm run shell",
    "deploy": "firebase deploy --only functions",
    "logs": "firebase functions:log"
  },
  "dependencies": {
    "actions-on-google": "^2.2.0",
    "firebase-admin": "^5.12.1",
    "firebase-functions": "^1.1.0",
    "node-fetch": "^2.1.2",
    "xml2js": "^0.4.19"
  },
  "devDependencies": {
    "eslint": "^5.0.0",
    "eslint-plugin-promise": "^3.6.0"
  }
}
[info] i  functions: ensuring necessary APIs are enabled...
[debug] [2018-06-24T03:54:38.696Z] >>> HTTP REQUEST GET https://servicemanagement.googleapis.com/v1/services/cloudfunctions.googleapis.com/projectSettings/action-alfred?view=CONSUMER_VIEW  
  
 Sat Jun 23 2018 20:54:38 GMT-0700 (PDT)
[debug] [2018-06-24T03:54:38.697Z] >>> HTTP REQUEST GET https://servicemanagement.googleapis.com/v1/services/runtimeconfig.googleapis.com/projectSettings/action-alfred?view=CONSUMER_VIEW  
  
 Sat Jun 23 2018 20:54:38 GMT-0700 (PDT)
[debug] [2018-06-24T03:54:39.657Z] <<< HTTP RESPONSE 200
[debug] [2018-06-24T03:54:39.699Z] <<< HTTP RESPONSE 200
[info] ✔  functions: all necessary APIs are enabled
[debug] [2018-06-24T03:54:39.701Z] >>> HTTP REQUEST GET https://cloudresourcemanager.googleapis.com/v1/projects/action-alfred  
  
 Sat Jun 23 2018 20:54:39 GMT-0700 (PDT)
[debug] [2018-06-24T03:54:40.265Z] <<< HTTP RESPONSE 200
[debug] [2018-06-24T03:54:40.266Z] >>> HTTP REQUEST GET https://mobilesdk-pa.googleapis.com/v1/projects/305628934348:getServerAppConfig  
  
 Sat Jun 23 2018 20:54:40 GMT-0700 (PDT)
[debug] [2018-06-24T03:54:40.881Z] <<< HTTP RESPONSE 200
[info] i  functions: preparing functions directory for uploading...
[debug] [2018-06-24T03:54:40.884Z] >>> HTTP REQUEST GET https://runtimeconfig.googleapis.com/v1beta1/projects/action-alfred/configs  
  
 Sat Jun 23 2018 20:54:40 GMT-0700 (PDT)
[debug] [2018-06-24T03:54:41.211Z] <<< HTTP RESPONSE 200
[info] i  functions: packaged functions (42.06 KB) for uploading
[debug] [2018-06-24T03:54:42.179Z] >>> HTTP REQUEST POST https://cloudfunctions.googleapis.com/v1/projects/action-alfred/locations/us-central1/functions:generateUploadUrl  
  
 Sat Jun 23 2018 20:54:42 GMT-0700 (PDT)
[debug] [2018-06-24T03:55:12.624Z] <<< HTTP RESPONSE 503
[debug] [2018-06-24T03:55:12.624Z] <<< HTTP RESPONSE BODY {
  "error": {
    "code": 503,
    "message": "The service is currently unavailable.",
    "status": "UNAVAILABLE"
  }
}

[debug] [2018-06-24T03:55:12.626Z] TypeError: Cannot create property 'error' on string '{
  "error": {
    "code": 503,
    "message": "The service is currently unavailable.",
    "status": "UNAVAILABLE"
  }
}
'
    at module.exports (/Users/brandoncooper/.nvm/versions/node/v8.11.1/lib/node_modules/firebase-tools/lib/responseToError.js:11:16)
    at Request._callback (/Users/brandoncooper/.nvm/versions/node/v8.11.1/lib/node_modules/firebase-tools/lib/api.js:47:25)
    at Request.self.callback (/Users/brandoncooper/.nvm/versions/node/v8.11.1/lib/node_modules/firebase-tools/node_modules/request/request.js:185:22)
    at emitTwo (events.js:126:13)
    at Request.emit (events.js:214:7)
    at Request.<anonymous> (/Users/brandoncooper/.nvm/versions/node/v8.11.1/lib/node_modules/firebase-tools/node_modules/request/request.js:1157:10)
    at emitOne (events.js:116:13)
    at Request.emit (events.js:211:7)
    at IncomingMessage.<anonymous> (/Users/brandoncooper/.nvm/versions/node/v8.11.1/lib/node_modules/firebase-tools/node_modules/request/request.js:1079:12)
    at Object.onceWrapper (events.js:313:30)
[error] 
[error] Error: An unexpected error has occurred.
